TextView/app/build/outputs/logs/manifest-merger-debug-report.txt
-- Merging decision tree log ---
manifest
ADDED from AndroidManifest.xml:3:1
	xmlns:android
		ADDED from AndroidManifest.xml:3:11
	package
		ADDED from AndroidManifest.xml:4:5
		INJECTED from AndroidManifest.xml:0:0
		INJECTED from AndroidManifest.xml:0:0
	android:versionName
		ADDED from AndroidManifest.xml:5:5
	android:versionCode
		ADDED from AndroidManifest.xml:4:41
		INJECTED from AndroidManifest.xml:0:0
		INJECTED from AndroidManifest.xml:0:0
supports-screens
ADDED from AndroidManifest.xml:7:2
	android:largeScreens
		ADDED from AndroidManifest.xml:7:46
	android:anyDensity
		ADDED from AndroidManifest.xml:7:20
	android:normalScreens
		ADDED from AndroidManifest.xml:7:74
	android:smallScreens
		ADDED from AndroidManifest.xml:7:103
uses-sdk
ADDED from AndroidManifest.xml:9:2
	android:targetSdkVersion
		ADDED from AndroidManifest.xml:9:39
		INJECTED from AndroidManifest.xml:0:0
		INJECTED from AndroidManifest.xml:0:0
	android:minSdkVersion
		ADDED from AndroidManifest.xml:9:12
		INJECTED from AndroidManifest.xml:0:0
		INJECTED from AndroidManifest.xml:0:0
application
ADDED from AndroidManifest.xml:11:2
	android:icon
		ADDED from AndroidManifest.xml:11:15
activity#com.juarezjunior.textview.TextViewActivity
ADDED from AndroidManifest.xml:12:3
	android:label
		ADDED from AndroidManifest.xml:13:7
	android:name
		ADDED from AndroidManifest.xml:12:13
intent-filter#android.intent.action.MAIN+android.intent.category.LAUNCHER
ADDED from AndroidManifest.xml:14:4
action#android.intent.action.MAIN
ADDED from AndroidManifest.xml:15:5
	android:name
		ADDED from AndroidManifest.xml:15:13
category#android.intent.category.LAUNCHER
ADDED from AndroidManifest.xml:17:5
	android:name
		ADDED from AndroidManifest.xml:17:15